<?xml version="1.0" encoding="UTF-8"?>
<!-- Generated by org.testng.reporters.JUnitXMLReporter -->
<testsuite hostname="LAPTOP-GT6VSVAU" ignored="0" name="Test2" tests="5" failures="0" timestamp="2021-05-04T17:24:35 IST" time="1.021" errors="0">
  <testcase name="@BeforeClass openApplication" time="0.264" classname="TestScript.BaseTest">
    <failure type="java.lang.IllegalStateException" message="The path to the driver executable must be set by the webdriver.gecko.driver system property; for more information, see https://github.com/mozilla/geckodriver. The latest version can be downloaded from https://github.com/mozilla/geckodriver/releases">
      <![CDATA[java.lang.IllegalStateException: The path to the driver executable must be set by the webdriver.gecko.driver system property; for more information, see https://github.com/mozilla/geckodriver. The latest version can be downloaded from https://github.com/mozilla/geckodriver/releases
at com.google.common.base.Preconditions.checkState(Preconditions.java:847)
at org.openqa.selenium.remote.service.DriverService.findExecutable(DriverService.java:134)
at org.openqa.selenium.firefox.GeckoDriverService.access$100(GeckoDriverService.java:44)
at org.openqa.selenium.firefox.GeckoDriverService$Builder.findDefaultExecutable(GeckoDriverService.java:167)
at org.openqa.selenium.remote.service.DriverService$Builder.build(DriverService.java:355)
at org.openqa.selenium.firefox.FirefoxDriver.toExecutor(FirefoxDriver.java:190)
at org.openqa.selenium.firefox.FirefoxDriver.<init>(FirefoxDriver.java:147)
at org.openqa.selenium.firefox.FirefoxDriver.<init>(FirefoxDriver.java:125)
at TestScript.BaseTest.openApplication(BaseTest.java:38)
at java.util.ArrayList.forEach(Unknown Source)
at java.util.concurrent.FutureTask.run(Unknown Source)
at java.util.concurrent.ThreadPoolExecutor.runWorker(Unknown Source)
at java.util.concurrent.ThreadPoolExecutor$Worker.run(Unknown Source)
at java.lang.Thread.run(Unknown Source)
... Removed 16 stack frames]]>
    </failure>
  </testcase> <!-- @BeforeClass openApplication -->
  <testcase name="@BeforeMethod loginToApplication" time="-1.620129274445E9" classname="TestScript.BaseTest">
    <skipped/>
  </testcase> <!-- @BeforeMethod loginToApplication -->
  <testcase name="@AfterMethod logoutFromApplication" time="-1.620129274514E9" classname="TestScript.BaseTest">
    <skipped/>
  </testcase> <!-- @AfterMethod logoutFromApplication -->
  <testcase name="@AfterClass CloseApp" time="-1.620129274518E9" classname="TestScript.BaseTest">
    <skipped/>
  </testcase> <!-- @AfterClass CloseApp -->
  <testcase name="@BeforeClass openApplication" time="0.066" classname="TestScript.BaseTest">
    <failure type="java.lang.IllegalStateException" message="The path to the driver executable must be set by the webdriver.gecko.driver system property; for more information, see https://github.com/mozilla/geckodriver. The latest version can be downloaded from https://github.com/mozilla/geckodriver/releases">
      <![CDATA[java.lang.IllegalStateException: The path to the driver executable must be set by the webdriver.gecko.driver system property; for more information, see https://github.com/mozilla/geckodriver. The latest version can be downloaded from https://github.com/mozilla/geckodriver/releases
at com.google.common.base.Preconditions.checkState(Preconditions.java:847)
at org.openqa.selenium.remote.service.DriverService.findExecutable(DriverService.java:134)
at org.openqa.selenium.firefox.GeckoDriverService.access$100(GeckoDriverService.java:44)
at org.openqa.selenium.firefox.GeckoDriverService$Builder.findDefaultExecutable(GeckoDriverService.java:167)
at org.openqa.selenium.remote.service.DriverService$Builder.build(DriverService.java:355)
at org.openqa.selenium.firefox.FirefoxDriver.toExecutor(FirefoxDriver.java:190)
at org.openqa.selenium.firefox.FirefoxDriver.<init>(FirefoxDriver.java:147)
at org.openqa.selenium.firefox.FirefoxDriver.<init>(FirefoxDriver.java:125)
at TestScript.BaseTest.openApplication(BaseTest.java:38)
at java.util.ArrayList.forEach(Unknown Source)
at java.util.concurrent.FutureTask.run(Unknown Source)
at java.util.concurrent.ThreadPoolExecutor.runWorker(Unknown Source)
at java.util.concurrent.ThreadPoolExecutor$Worker.run(Unknown Source)
at java.lang.Thread.run(Unknown Source)
... Removed 16 stack frames]]>
    </failure>
  </testcase> <!-- @BeforeClass openApplication -->
  <testcase name="@BeforeMethod loginToApplication" time="-1.620129274616E9" classname="TestScript.BaseTest">
    <skipped/>
  </testcase> <!-- @BeforeMethod loginToApplication -->
  <testcase name="@AfterMethod logoutFromApplication" time="-1.620129274656E9" classname="TestScript.BaseTest">
    <skipped/>
  </testcase> <!-- @AfterMethod logoutFromApplication -->
  <testcase name="@AfterClass CloseApp" time="-1.62012927466E9" classname="TestScript.BaseTest">
    <skipped/>
  </testcase> <!-- @AfterClass CloseApp -->
  <testcase name="@BeforeClass openApplication" time="0.101" classname="TestScript.BaseTest">
    <failure type="java.lang.IllegalStateException" message="The path to the driver executable must be set by the webdriver.gecko.driver system property; for more information, see https://github.com/mozilla/geckodriver. The latest version can be downloaded from https://github.com/mozilla/geckodriver/releases">
      <![CDATA[java.lang.IllegalStateException: The path to the driver executable must be set by the webdriver.gecko.driver system property; for more information, see https://github.com/mozilla/geckodriver. The latest version can be downloaded from https://github.com/mozilla/geckodriver/releases
at com.google.common.base.Preconditions.checkState(Preconditions.java:847)
at org.openqa.selenium.remote.service.DriverService.findExecutable(DriverService.java:134)
at org.openqa.selenium.firefox.GeckoDriverService.access$100(GeckoDriverService.java:44)
at org.openqa.selenium.firefox.GeckoDriverService$Builder.findDefaultExecutable(GeckoDriverService.java:167)
at org.openqa.selenium.remote.service.DriverService$Builder.build(DriverService.java:355)
at org.openqa.selenium.firefox.FirefoxDriver.toExecutor(FirefoxDriver.java:190)
at org.openqa.selenium.firefox.FirefoxDriver.<init>(FirefoxDriver.java:147)
at org.openqa.selenium.firefox.FirefoxDriver.<init>(FirefoxDriver.java:125)
at TestScript.BaseTest.openApplication(BaseTest.java:38)
at java.util.ArrayList.forEach(Unknown Source)
at java.util.concurrent.FutureTask.run(Unknown Source)
at java.util.concurrent.ThreadPoolExecutor.runWorker(Unknown Source)
at java.util.concurrent.ThreadPoolExecutor$Worker.run(Unknown Source)
at java.lang.Thread.run(Unknown Source)
... Removed 16 stack frames]]>
    </failure>
  </testcase> <!-- @BeforeClass openApplication -->
  <testcase name="@BeforeMethod loginToApplication" time="-1.620129274802E9" classname="TestScript.BaseTest">
    <skipped/>
  </testcase> <!-- @BeforeMethod loginToApplication -->
  <testcase name="@AfterMethod logoutFromApplication" time="-1.620129274841E9" classname="TestScript.BaseTest">
    <skipped/>
  </testcase> <!-- @AfterMethod logoutFromApplication -->
  <testcase name="@AfterClass CloseApp" time="-1.620129274843E9" classname="TestScript.BaseTest">
    <skipped/>
  </testcase> <!-- @AfterClass CloseApp -->
  <testcase name="@BeforeClass openApplication" time="0.043" classname="TestScript.BaseTest">
    <failure type="java.lang.IllegalStateException" message="The path to the driver executable must be set by the webdriver.gecko.driver system property; for more information, see https://github.com/mozilla/geckodriver. The latest version can be downloaded from https://github.com/mozilla/geckodriver/releases">
      <![CDATA[java.lang.IllegalStateException: The path to the driver executable must be set by the webdriver.gecko.driver system property; for more information, see https://github.com/mozilla/geckodriver. The latest version can be downloaded from https://github.com/mozilla/geckodriver/releases
at com.google.common.base.Preconditions.checkState(Preconditions.java:847)
at org.openqa.selenium.remote.service.DriverService.findExecutable(DriverService.java:134)
at org.openqa.selenium.firefox.GeckoDriverService.access$100(GeckoDriverService.java:44)
at org.openqa.selenium.firefox.GeckoDriverService$Builder.findDefaultExecutable(GeckoDriverService.java:167)
at org.openqa.selenium.remote.service.DriverService$Builder.build(DriverService.java:355)
at org.openqa.selenium.firefox.FirefoxDriver.toExecutor(FirefoxDriver.java:190)
at org.openqa.selenium.firefox.FirefoxDriver.<init>(FirefoxDriver.java:147)
at org.openqa.selenium.firefox.FirefoxDriver.<init>(FirefoxDriver.java:125)
at TestScript.BaseTest.openApplication(BaseTest.java:38)
at java.util.ArrayList.forEach(Unknown Source)
at java.util.concurrent.FutureTask.run(Unknown Source)
at java.util.concurrent.ThreadPoolExecutor.runWorker(Unknown Source)
at java.util.concurrent.ThreadPoolExecutor$Worker.run(Unknown Source)
at java.lang.Thread.run(Unknown Source)
... Removed 16 stack frames]]>
    </failure>
  </testcase> <!-- @BeforeClass openApplication -->
  <testcase name="@BeforeMethod loginToApplication" time="-1.620129274899E9" classname="TestScript.BaseTest">
    <skipped/>
  </testcase> <!-- @BeforeMethod loginToApplication -->
  <testcase name="@AfterMethod logoutFromApplication" time="-1.620129274915E9" classname="TestScript.BaseTest">
    <skipped/>
  </testcase> <!-- @AfterMethod logoutFromApplication -->
  <testcase name="@AfterClass CloseApp" time="-1.620129274919E9" classname="TestScript.BaseTest">
    <skipped/>
  </testcase> <!-- @AfterClass CloseApp -->
  <testcase name="@BeforeClass openApplication" time="0.055" classname="TestScript.BaseTest">
    <failure type="java.lang.IllegalStateException" message="The path to the driver executable must be set by the webdriver.gecko.driver system property; for more information, see https://github.com/mozilla/geckodriver. The latest version can be downloaded from https://github.com/mozilla/geckodriver/releases">
      <![CDATA[java.lang.IllegalStateException: The path to the driver executable must be set by the webdriver.gecko.driver system property; for more information, see https://github.com/mozilla/geckodriver. The latest version can be downloaded from https://github.com/mozilla/geckodriver/releases
at com.google.common.base.Preconditions.checkState(Preconditions.java:847)
at org.openqa.selenium.remote.service.DriverService.findExecutable(DriverService.java:134)
at org.openqa.selenium.firefox.GeckoDriverService.access$100(GeckoDriverService.java:44)
at org.openqa.selenium.firefox.GeckoDriverService$Builder.findDefaultExecutable(GeckoDriverService.java:167)
at org.openqa.selenium.remote.service.DriverService$Builder.build(DriverService.java:355)
at org.openqa.selenium.firefox.FirefoxDriver.toExecutor(FirefoxDriver.java:190)
at org.openqa.selenium.firefox.FirefoxDriver.<init>(FirefoxDriver.java:147)
at org.openqa.selenium.firefox.FirefoxDriver.<init>(FirefoxDriver.java:125)
at TestScript.BaseTest.openApplication(BaseTest.java:38)
at java.util.ArrayList.forEach(Unknown Source)
at java.util.concurrent.FutureTask.run(Unknown Source)
at java.util.concurrent.ThreadPoolExecutor.runWorker(Unknown Source)
at java.util.concurrent.ThreadPoolExecutor$Worker.run(Unknown Source)
at java.lang.Thread.run(Unknown Source)
... Removed 16 stack frames]]>
    </failure>
  </testcase> <!-- @BeforeClass openApplication -->
  <testcase name="@BeforeMethod loginToApplication" time="-1.620129274997E9" classname="TestScript.BaseTest">
    <skipped/>
  </testcase> <!-- @BeforeMethod loginToApplication -->
  <testcase name="@AfterMethod logoutFromApplication" time="-1.620129275016E9" classname="TestScript.BaseTest">
    <skipped/>
  </testcase> <!-- @AfterMethod logoutFromApplication -->
  <testcase name="@AfterClass CloseApp" time="-1.620129275017E9" classname="TestScript.BaseTest">
    <skipped/>
  </testcase> <!-- @AfterClass CloseApp -->
  <testcase name="TC_1" time="0.0" classname="TestScript.TC_1Test">
    <skipped/>
  </testcase> <!-- TC_1 -->
  <testcase name="TC_2" time="0.0" classname="TestScript.TC_2Test">
    <skipped/>
  </testcase> <!-- TC_2 -->
  <testcase name="TC_7" time="0.0" classname="TestScript.TC_7Test">
    <skipped/>
  </testcase> <!-- TC_7 -->
  <testcase name="TC_6" time="0.0" classname="TestScript.TC_6Test">
    <skipped/>
  </testcase> <!-- TC_6 -->
  <testcase name="TC_4" time="0.0" classname="TestScript.TC_4Test">
    <skipped/>
  </testcase> <!-- TC_4 -->
</testsuite> <!-- Test2 -->
